-------------------------------------------------------------------------------
Test set: Add Family Members
-------------------------------------------------------------------------------
Tests run: 1, Failures: 0, Errors: 1, Skipped: 0, Time elapsed: 3.586 s <<< FAILURE! - in Add Family Members
Add Family Members.GET detail Family members  Time elapsed: 3.586 s  <<< ERROR!
net.serenitybdd.core.exceptions.SerenityManagedException: 
1 expectation failed.
Expected status code <200> but was <404>.


